\BOOKMARK [0][-]{chapter.1}{\376\377\060\157\060\130\060\201\060\153}{}% 1
\BOOKMARK [1][-]{section.1.1}{\376\377\211\201\145\350}{chapter.1}% 2
\BOOKMARK [1][-]{section.1.2}{\376\377\147\054\172\077\060\156\151\313\142\020}{chapter.1}% 3
\BOOKMARK [0][-]{chapter.2}{\376\377\170\024\172\166\200\314\146\157}{}% 4
\BOOKMARK [1][-]{section.2.1}{\376\377\155\045\154\342\220\177\226\343\212\230\134\016\060\153\060\112\060\121\060\213\212\262\230\114}{chapter.2}% 5
\BOOKMARK [2][-]{subsection.2.1.1}{\376\377\212\052\145\345\211\263\121\111\133\242\145\160\060\156\130\227\122\240\060\150\211\263\121\111\127\060\060\153\060\112\060\121\060\213\220\177\226\343\212\230\134\016\060\156\212\262\230\114}{section.2.1}% 6
\BOOKMARK [2][-]{subsection.2.1.2}{\376\377\155\045\154\342\220\177\226\343\060\277\060\357\060\374\060\373\155\045\154\342\220\177\226\343\060\323\060\353}{section.2.1}% 7
\BOOKMARK [2][-]{subsection.2.1.3}{\376\377\116\214\153\041\210\253\133\263\060\156\166\172\165\037}{section.2.1}% 8
\BOOKMARK [1][-]{section.2.2}{\376\377\145\342\133\130\060\156\060\311\060\355\060\374\060\363\060\156\160\175\133\263\133\376\137\334\060\153\060\112\060\121\060\213\155\073\165\050\116\213\117\213\060\150\202\052\172\172\154\325\145\071\153\143}{chapter.2}% 9
\BOOKMARK [2][-]{subsection.2.2.1}{\376\377\060\311\060\355\060\374\060\363\060\153\060\210\060\213\220\177\226\343\212\230\134\016\060\156\121\110\210\114\170\024\172\166\060\150\201\352\154\273\117\123\060\156\133\237\212\074\133\237\232\023\060\156\116\213\117\213}{section.2.2}% 10
\BOOKMARK [1][-]{section.2.3}{\376\377\137\067\123\026\133\146\177\322}{chapter.2}% 11
\BOOKMARK [2][-]{subsection.2.3.1}{\376\377\060\336\060\353\060\301\060\250\060\374\060\270\060\247\060\363\060\310\137\067\123\026\133\146\177\322\060\156\127\372\147\054\151\202\137\365}{section.2.3}% 12
\BOOKMARK [2][-]{subsection.2.3.2}{\376\377\000M\000A\000-\000P\000O\000C\000A\377\010\000M\000u\000l\000t\000i\000A\000g\000e\000n\000t\000\040\000P\000O\000s\000t\000h\000u\000m\000o\000u\000s\000\040\000C\000r\000e\000d\000i\000t\000\040\000A\000s\000s\000i\000g\000n\000m\000e\000n\000t\377\011}{section.2.3}% 13
\BOOKMARK [1][-]{section.2.4}{\376\377\060\312\060\323\060\262\060\374\060\267\060\347\060\363\060\341\060\303\060\267\060\345}{chapter.2}% 14
\BOOKMARK [2][-]{subsection.2.4.1}{\376\377\000a\000*\000\040\060\242\060\353\060\264\060\352\060\272\060\340}{section.2.4}% 15
\BOOKMARK [1][-]{section.2.5}{\376\377\137\067\123\026\133\146\177\322\060\250\060\374\060\270\060\247\060\363\060\310\060\156\060\307\060\270\060\277\060\353\060\304\060\244\060\363\060\170\060\156\137\334\165\050}{chapter.2}% 16
\BOOKMARK [2][-]{subsection.2.5.1}{\376\377\000s\000i\000m\0002\000r\000e\000a\000l\377\010\000S\000i\000m\000u\000l\000a\000t\000i\000o\000n\000\040\000t\000o\000\040\000R\000e\000a\000l\000i\000t\000y\377\011}{section.2.5}% 17
\BOOKMARK [0][-]{chapter.3}{\376\377\143\320\150\110\142\113\154\325\060\150\133\237\232\023\151\202\211\201}{}% 18
\BOOKMARK [1][-]{section.3.1}{\376\377\143\320\150\110\142\113\154\325\060\156\151\202\211\201}{chapter.3}% 19
\BOOKMARK [1][-]{section.3.2}{\376\377\145\342\133\130\170\024\172\166\060\150\060\156\145\260\211\217\140\047}{chapter.3}% 20
\BOOKMARK [1][-]{section.3.3}{\376\377\133\237\232\023\151\202\211\201}{chapter.3}% 21
\BOOKMARK [1][-]{section.3.4}{\376\377\060\267\060\337\060\345\060\354\060\374\060\267\060\347\060\363\122\115\143\320\147\141\116\366}{chapter.3}% 22
\BOOKMARK [2][-]{subsection.3.4.1}{\376\377\220\375\136\002\060\342\060\307\060\353\060\156\220\170\133\232\060\150\220\177\226\343\142\100\060\156\221\115\177\156\147\141\116\366}{section.3.4}% 23
\BOOKMARK [2][-]{subsection.3.4.2}{\376\377\220\177\226\343\200\005\060\156\122\115\143\320\147\141\116\366}{section.3.4}% 24
\BOOKMARK [2][-]{subsection.3.4.3}{\376\377\220\177\226\343\142\100\123\316\133\271\116\272\145\160\060\156\122\115\143\320\147\141\116\366}{section.3.4}% 25
\BOOKMARK [2][-]{subsection.3.4.4}{\376\377\060\250\060\374\060\270\060\247\060\363\060\310\060\156\122\115\143\320\147\141\116\366}{section.3.4}% 26
\BOOKMARK [1][-]{section.3.5}{\376\377\220\177\226\343\200\005\143\242\175\042\060\277\060\271\060\257\133\237\232\023\145\271\154\325}{chapter.3}% 27
\BOOKMARK [1][-]{section.3.6}{\376\377\220\177\226\343\142\100\212\230\134\016\060\277\060\271\060\257\133\237\232\023\145\271\154\325}{chapter.3}% 28
\BOOKMARK [0][-]{chapter.4}{\376\377\133\237\232\023\175\120\147\234\060\150\200\003\133\337}{}% 29
\BOOKMARK [1][-]{section.4.1}{\376\377\220\177\226\343\200\005\143\242\175\042\060\277\060\271\060\257\133\237\232\023}{chapter.4}% 30
\BOOKMARK [2][-]{subsection.4.1.1}{\376\377\060\342\060\307\060\353\133\146\177\322\175\120\147\234}{section.4.1}% 31
\BOOKMARK [2][-]{subsection.4.1.2}{\376\377\133\237\232\023\175\120\147\234}{section.4.1}% 32
\BOOKMARK [2][-]{subsection.4.1.3}{\376\377\175\120\147\234\060\156\200\003\133\337}{section.4.1}% 33
\BOOKMARK [1][-]{section.4.2}{\376\377\220\177\226\343\142\100\212\230\134\016\060\277\060\271\060\257\060\156\175\120\147\234}{chapter.4}% 34
\BOOKMARK [2][-]{subsection.4.2.1}{\376\377\060\342\060\307\060\353\133\146\177\322\175\120\147\234}{section.4.2}% 35
\BOOKMARK [2][-]{subsection.4.2.2}{\376\377\133\237\232\023\175\120\147\234}{section.4.2}% 36
\BOOKMARK [2][-]{subsection.4.2.3}{\376\377\175\120\147\234\060\156\200\003\133\337}{section.4.2}% 37
\BOOKMARK [0][-]{chapter.5}{\376\377\175\120\212\326}{}% 38
\BOOKMARK [1][-]{section.5.1}{\376\377\133\237\232\023\060\156\060\176\060\150\060\201}{chapter.5}% 39
\BOOKMARK [1][-]{section.5.2}{\376\377\060\311\060\355\060\374\060\363\060\153\060\210\060\213\155\045\154\342\220\177\226\343\212\230\134\016\060\156\133\237\163\376\123\357\200\375\140\047}{chapter.5}% 40
\BOOKMARK [1][-]{section.5.3}{\376\377\116\312\137\214\060\156\134\125\147\033}{chapter.5}% 41
\BOOKMARK [0][-]{chapter*.54}{\376\377\123\302\200\003\145\207\163\056}{}% 42
\BOOKMARK [1][-]{section.Alph0.1}{\376\377\060\267\060\337\060\345\060\354\060\374\060\267\060\347\060\363\060\275\060\374\060\271\150\074\175\015\121\110}{chapter*.54}% 43
\BOOKMARK [1][-]{section.Alph0.2}{\376\377\162\171\122\045\170\024\172\166\060\354\060\335\060\374\060\310\150\074\175\015\121\110}{chapter*.54}% 44
\BOOKMARK [1][-]{section.Alph0.3}{\376\377\143\242\175\042\060\277\060\271\060\257\060\336\060\353\060\301\060\250\060\374\060\270\060\247\060\363\060\310\060\342\060\307\060\353\060\156\133\146\177\322\175\120\147\234}{chapter*.54}% 45
\BOOKMARK [2][-]{subsection.Alph0.3.1}{\376\377\152\052\230\010\214\300\136\002\060\156\130\064\124\010}{section.Alph0.3}% 46
\BOOKMARK [2][-]{subsection.Alph0.3.2}{\376\377\154\274\155\045\136\002\060\156\130\064\124\010}{section.Alph0.3}% 47
\BOOKMARK [1][-]{section.Alph0.4}{\376\377\212\230\134\016\060\277\060\271\060\257\060\336\060\353\060\301\060\250\060\374\060\270\060\247\060\363\060\310\060\342\060\307\060\353\060\156\133\146\177\322\175\120\147\234}{chapter*.54}% 48
\BOOKMARK [2][-]{subsection.Alph0.4.1}{\376\377\152\052\230\010\214\300\136\002\060\156\130\064\124\010}{section.Alph0.4}% 49
\BOOKMARK [2][-]{subsection.Alph0.4.2}{\376\377\154\274\155\045\136\002\060\156\130\064\124\010}{section.Alph0.4}% 50
\BOOKMARK [1][-]{section.Alph0.5}{\376\377\143\242\175\042\060\277\060\271\060\257\060\153\060\112\060\121\060\213\166\172\211\213\163\207\060\156\143\250\171\373}{chapter*.54}% 51
\BOOKMARK [2][-]{subsection.Alph0.5.1}{\376\377\152\052\230\010\214\300\136\002\060\156\130\064\124\010}{section.Alph0.5}% 52
\BOOKMARK [2][-]{subsection.Alph0.5.2}{\376\377\154\274\155\045\136\002\060\156\130\064\124\010}{section.Alph0.5}% 53
\BOOKMARK [1][-]{section.Alph0.6}{\376\377\212\230\134\016\060\277\060\271\060\257\060\153\060\112\060\121\060\213\220\177\226\343\133\214\116\206\163\207\060\156\143\250\171\373}{chapter*.54}% 54
\BOOKMARK [2][-]{subsection.Alph0.6.1}{\376\377\152\052\230\010\214\300\136\002\060\156\130\064\124\010}{section.Alph0.6}% 55
\BOOKMARK [2][-]{subsection.Alph0.6.2}{\376\377\154\274\155\045\136\002\060\156\130\064\124\010}{section.Alph0.6}% 56
